[0mGET / [36m304[0m 88.929 ms - -[0m
[0mGET /js/home_post_comments.js [33m404[0m 6.918 ms - 163[0m
[0mGET /js/home_posts.js [33m404[0m 6.248 ms - 155[0m
[0mGET /js/toggle_likes.js [33m404[0m 7.771 ms - 157[0m
[0mGET /js/chat_engine.js [33m404[0m 19.650 ms - 156[0m
[0mGET /css/header.css [33m404[0m 7.856 ms - 153[0m
[0mGET /css/layout.css [33m404[0m 7.883 ms - 153[0m
[0mGET /css/home.css [33m404[0m 26.287 ms - 151[0m
[0mGET /css/footer.css [33m404[0m 59.687 ms - 153[0m
[0mGET /css/chat_box.css [33m404[0m 50.059 ms - 155[0m
[0mGET / [36m304[0m 102.095 ms - -[0m
[0mGET /js/home_post_comments.js [33m404[0m 26.065 ms - 163[0m
[0mGET /js/chat_engine.js [33m404[0m 27.880 ms - 156[0m
[0mGET /js/toggle_likes.js [33m404[0m 34.445 ms - 157[0m
[0mGET /js/home_posts.js [33m404[0m 19.177 ms - 155[0m
[0mGET /favicon.ico [33m404[0m 3.424 ms - 150[0m
[0mGET /users/sign-in [32m200[0m 10.867 ms - 2324[0m
[0mGET /users/css/footer.css [33m404[0m 7.145 ms - 159[0m
[0mGET /users/css/layout.css [33m404[0m 16.596 ms - 159[0m
[0mGET /users/css/header.css [33m404[0m 17.924 ms - 159[0m
[0mGET /users/css/signIn.css [33m404[0m 20.200 ms - 159[0m
[0mGET / [32m200[0m 101.225 ms - 8286[0m
[0mGET /js/home_post_comments.js [33m404[0m 6.391 ms - 163[0m
[0mGET /js/toggle_likes.js [33m404[0m 6.910 ms - 157[0m
[0mGET /js/chat_engine.js [33m404[0m 15.675 ms - 156[0m
[0mGET /js/home_posts.js [33m404[0m 14.554 ms - 155[0m
[0mGET /users/sign-in [36m304[0m 9.181 ms - -[0m
[0mGET /users/css/layout.css [33m404[0m 14.094 ms - 159[0m
[0mGET /users/css/header.css [33m404[0m 9.088 ms - 159[0m
[0mGET /users/css/footer.css [33m404[0m 8.283 ms - 159[0m
[0mGET /users/css/signIn.css [33m404[0m 21.966 ms - 159[0m
[0mGET /users/sign-in [36m304[0m 9.925 ms - -[0m
[0mGET /users/css/layout.css [33m404[0m 10.410 ms - 159[0m
[0mGET /users/css/header.css [33m404[0m 8.920 ms - 159[0m
[0mGET /users/css/footer.css [33m404[0m 8.579 ms - 159[0m
[0mGET /users/css/signIn.css [33m404[0m 12.230 ms - 159[0m
[0mGET / [32m200[0m 80.726 ms - 8286[0m
[0mGET /js/home_post_comments.js [33m404[0m 35.111 ms - 163[0m
[0mGET /js/home_posts.js [33m404[0m 123.032 ms - 155[0m
[0mGET /js/toggle_likes.js [33m404[0m 3.812 ms - 157[0m
[0mGET /js/chat_engine.js [33m404[0m 10.633 ms - 156[0m
[0mGET /users/sign-in [36m304[0m 12.726 ms - -[0m
[0mGET /users/css/layout.css [33m404[0m 11.601 ms - 159[0m
[0mGET /users/css/signIn.css [33m404[0m 12.096 ms - 159[0m
[0mGET /users/css/footer.css [33m404[0m 35.536 ms - 159[0m
[0mGET /users/css/header.css [33m404[0m 48.854 ms - 159[0m
[0mGET / [32m200[0m 79.369 ms - 8240[0m
[0mGET /js/home_post_comments.js [33m404[0m 4.587 ms - 163[0m
[0mGET /js/chat_engine.js [33m404[0m 65.082 ms - 156[0m
[0mGET /js/toggle_likes.js [33m404[0m 66.508 ms - 157[0m
[0mGET /js/home_posts.js [33m404[0m 68.336 ms - 155[0m
[0mGET /users/sign-in [32m200[0m 5.644 ms - 2278[0m
[0mGET /users/css/layout.css [33m404[0m 7.978 ms - 159[0m
[0mGET /users/css/header.css [33m404[0m 7.991 ms - 159[0m
[0mGET /users/css/footer.css [33m404[0m 9.906 ms - 159[0m
[0mGET /users/css/signIn.css [33m404[0m 44.864 ms - 159[0m
[0mGET /users/css/layout.css [33m404[0m 8.545 ms - 159[0m
[0mGET /users/css/header.css [33m404[0m 10.312 ms - 159[0m
[0mGET /users/css/footer.css [33m404[0m 14.234 ms - 159[0m
[0mGET /users/css/header.css [33m404[0m 8.554 ms - 159[0m
[0mGET /users/css/signIn.css [33m404[0m 11.121 ms - 159[0m
[0mGET /users/css/footer.css [33m404[0m 11.407 ms - 159[0m
[0mGET /users/css/layout.css [33m404[0m 8.572 ms - 159[0m
[0mGET /users/sign-in [36m304[0m 7.404 ms - -[0m
[0mGET /users/css/layout.css [33m404[0m 5.037 ms - 159[0m
[0mGET /users/css/header.css [33m404[0m 3.732 ms - 159[0m
[0mGET /users/css/footer.css [33m404[0m 7.404 ms - 159[0m
[0mGET /users/css/signIn.css [33m404[0m 8.043 ms - 159[0m
[0mGET /users/css/header.css [33m404[0m 11.371 ms - 159[0m
[0mGET /users/css/layout.css [33m404[0m 5.165 ms - 159[0m
[0mGET /users/css/footer.css [33m404[0m 14.292 ms - 159[0m
[0mGET / [36m304[0m 80.946 ms - -[0m
[0mGET /js/home_post_comments.js [33m404[0m 18.828 ms - 163[0m
[0mGET /js/toggle_likes.js [33m404[0m 12.643 ms - 157[0m
[0mGET /js/home_posts.js [33m404[0m 70.386 ms - 155[0m
[0mGET /js/chat_engine.js [33m404[0m 46.183 ms - 156[0m
[0mGET /users/sign-in [32m200[0m 10.801 ms - 2278[0m
[0mGET /users/css/signIn.css [33m404[0m 9.172 ms - 159[0m
[0mGET /users/css/layout.css [33m404[0m 8.648 ms - 159[0m
[0mGET /users/css/header.css [33m404[0m 8.917 ms - 159[0m
[0mGET /users/css/footer.css [33m404[0m 21.437 ms - 159[0m
[0mGET /users/sign-in [36m304[0m 8.871 ms - -[0m
[0mGET /users/css/layout.css [33m404[0m 4.843 ms - 159[0m
[0mGET /users/css/header.css [33m404[0m 4.896 ms - 159[0m
[0mGET /users/css/footer.css [33m404[0m 11.871 ms - 159[0m
[0mGET /users/css/signIn.css [33m404[0m 9.346 ms - 159[0m
[0mGET /users/css/layout.css [33m404[0m 6.214 ms - 159[0m
[0mGET /users/css/header.css [33m404[0m 8.182 ms - 159[0m
[0mGET /users/css/footer.css [33m404[0m 9.682 ms - 159[0m
[0mGET /users/css/signIn.css [33m404[0m 9.782 ms - 159[0m
[0mGET /users/sign-up [32m200[0m 8.748 ms - 2543[0m
[0mGET /users/css/layout.css [33m404[0m 3.710 ms - 159[0m
[0mGET /users/css/signIn.css [33m404[0m 2.679 ms - 159[0m
[0mGET /users/css/header.css [33m404[0m 5.201 ms - 159[0m
[0mGET /users/css/footer.css [33m404[0m 7.193 ms - 159[0m
[0mGET /users/sign-in [36m304[0m 7.262 ms - -[0m
[0mGET /users/css/header.css [33m404[0m 4.158 ms - 159[0m
[0mGET /users/css/footer.css [33m404[0m 5.255 ms - 159[0m
[0mGET /users/css/layout.css [33m404[0m 4.066 ms - 159[0m
[0mGET /users/css/signIn.css [33m404[0m 5.193 ms - 159[0m
[0mGET /users/sign-in [36m304[0m 8.607 ms - -[0m
[0mGET /users/css/layout.css [33m404[0m 6.286 ms - 159[0m
[0mGET /users/css/header.css [33m404[0m 6.363 ms - 159[0m
[0mGET /users/css/signIn.css [33m404[0m 3.562 ms - 159[0m
[0mGET /users/css/footer.css [33m404[0m 8.594 ms - 159[0m
[0mGET /users/sign-in [36m304[0m 7.108 ms - -[0m
[0mGET /users/css/layout.css [33m404[0m 6.281 ms - 159[0m
[0mGET /users/css/footer.css [33m404[0m 2.505 ms - 159[0m
[0mGET /users/css/signIn.css [33m404[0m 3.562 ms - 159[0m
[0mGET /users/css/header.css [33m404[0m 4.908 ms - 159[0m
[0mGET /users/sign-in [36m304[0m 6.322 ms - -[0m
[0mGET /users/css/layout.css [33m404[0m 7.555 ms - 159[0m
[0mGET /users/css/header.css [33m404[0m 7.611 ms - 159[0m
[0mGET /users/css/footer.css [33m404[0m 10.845 ms - 159[0m
[0mGET /users/css/signIn.css [33m404[0m 10.933 ms - 159[0m
[0mGET / [36m304[0m 69.354 ms - -[0m
[0mGET /js/home_posts.js [33m404[0m 9.530 ms - 155[0m
[0mGET /js/toggle_likes.js [33m404[0m 48.864 ms - 157[0m
[0mGET /js/home_post_comments.js [33m404[0m 3.820 ms - 163[0m
[0mGET /js/chat_engine.js [33m404[0m 27.921 ms - 156[0m
[0mGET /users/sign-in [32m200[0m 12.203 ms - 2286[0m
[0mGET /users/css/signIn.css [33m404[0m 11.780 ms - 159[0m
[0mGET /users/css/header.css [33m404[0m 20.605 ms - 159[0m
[0mGET /users/css/footer.css [33m404[0m 7.989 ms - 159[0m
[0mGET /users/css/layout.css [33m404[0m 11.450 ms - 159[0m
[0mGET /users/sign-in [36m304[0m 12.351 ms - -[0m
[0mGET /users/css/layout.css [33m404[0m 5.500 ms - 159[0m
[0mGET /users/css/footer.css [33m404[0m 8.414 ms - 159[0m
[0mGET /users/css/header.css [33m404[0m 8.223 ms - 159[0m
[0mGET /users/css/signIn.css [33m404[0m 7.873 ms - 159[0m
[0mGET / [32m200[0m 159.383 ms - 8240[0m
[0mGET /js/home_post_comments.js [33m404[0m 15.256 ms - 163[0m
[0mGET /js/home_posts.js [33m404[0m 89.714 ms - 155[0m
[0mGET /js/chat_engine.js [33m404[0m 86.225 ms - 156[0m
[0mGET /js/toggle_likes.js [33m404[0m 48.432 ms - 157[0m
[0mGET /users/sign-in [32m200[0m 11.214 ms - 2286[0m
[0mGET /users/css/layout.css [33m404[0m 7.821 ms - 159[0m
[0mGET /users/css/footer.css [33m404[0m 9.722 ms - 159[0m
[0mGET /users/css/signIn.css [33m404[0m 3.843 ms - 159[0m
[0mGET /users/css/header.css [33m404[0m 23.695 ms - 159[0m
[0mGET /users/css/layout.css [33m404[0m 15.915 ms - 159[0m
[0mGET /users/css/signIn.css [33m404[0m 15.681 ms - 159[0m
[0mGET /users/css/footer.css [33m404[0m 14.149 ms - 159[0m
[0mGET /users/css/layout.css [33m404[0m 11.136 ms - 159[0m
[0mGET /users/css/footer.css [33m404[0m 4.945 ms - 159[0m
[0mGET /users/css/header.css [33m404[0m 43.116 ms - 159[0m
[0mGET /users/css/signIn.css [33m404[0m 34.858 ms - 159[0m
[0mGET /users/sign-in [36m304[0m 5.175 ms - -[0m
[0mGET /users/css/layout.css [33m404[0m 13.251 ms - 159[0m
[0mGET /users/css/header.css [33m404[0m 16.956 ms - 159[0m
[0mGET /users/css/signIn.css [33m404[0m 15.781 ms - 159[0m
[0mGET /users/css/footer.css [33m404[0m 16.523 ms - 159[0m
[0mGET /users/sign-in [36m304[0m 6.006 ms - -[0m
[0mGET /users/css/layout.css [33m404[0m 7.379 ms - 159[0m
[0mGET /users/css/header.css [33m404[0m 10.452 ms - 159[0m
[0mGET /users/css/signIn.css [33m404[0m 9.695 ms - 159[0m
[0mGET /users/css/footer.css [33m404[0m 8.022 ms - 159[0m
[0mGET /users/sign-in [36m304[0m 4.238 ms - -[0m
[0mGET /users/css/layout.css [33m404[0m 3.151 ms - 159[0m
[0mGET /users/css/header.css [33m404[0m 3.820 ms - 159[0m
[0mGET /users/css/footer.css [33m404[0m 2.447 ms - 159[0m
[0mGET /users/css/signIn.css [33m404[0m 2.224 ms - 159[0m
[0mGET /users/sign-in [36m304[0m 3.401 ms - -[0m
[0mGET /users/css/layout.css [33m404[0m 2.655 ms - 159[0m
[0mGET /users/css/signIn.css [33m404[0m 3.412 ms - 159[0m
[0mGET /users/css/header.css [33m404[0m 22.304 ms - 159[0m
[0mGET /users/css/footer.css [33m404[0m 3.772 ms - 159[0m
[0mGET /users/sign-in [36m304[0m 5.870 ms - -[0m
[0mGET /users/css/layout.css [33m404[0m 9.146 ms - 159[0m
[0mGET /users/css/header.css [33m404[0m 10.558 ms - 159[0m
[0mGET /users/css/footer.css [33m404[0m 9.726 ms - 159[0m
[0mGET /users/css/signIn.css [33m404[0m 11.185 ms - 159[0m
[0mGET /users/sign-in [36m304[0m 3.485 ms - -[0m
[0mGET /users/css/layout.css [33m404[0m 10.626 ms - 159[0m
[0mGET /users/css/header.css [33m404[0m 14.333 ms - 159[0m
[0mGET /users/css/footer.css [33m404[0m 3.160 ms - 159[0m
[0mGET /users/css/signIn.css [33m404[0m 29.201 ms - 159[0m
[0mGET /users/css/layout.css [33m404[0m 6.166 ms - 159[0m
[0mGET / [36m304[0m 58.457 ms - -[0m
[0mGET /js/home_post_comments.js [33m404[0m 3.711 ms - 163[0m
[0mGET /css/layout.css [33m404[0m 7.316 ms - 153[0m
[0mGET /css/header.css [33m404[0m 9.936 ms - 153[0m
[0mGET /css/footer.css [33m404[0m 4.889 ms - 153[0m
[0mGET /js/home_posts.js [33m404[0m 59.780 ms - 155[0m
[0mGET /js/toggle_likes.js [33m404[0m 51.568 ms - 157[0m
[0mGET /css/home.css [33m404[0m 77.314 ms - 151[0m
[0mGET /css/chat_box.css [33m404[0m 70.974 ms - 155[0m
[0mGET /js/chat_engine.js [33m404[0m 63.619 ms - 156[0m
[0mGET / [36m304[0m 124.220 ms - -[0m
[0mGET /js/home_post_comments.js [33m404[0m 5.121 ms - 163[0m
[0mGET /js/home_posts.js [33m404[0m 16.622 ms - 155[0m
[0mGET /js/chat_engine.js [33m404[0m 9.100 ms - 156[0m
[0mGET /js/toggle_likes.js [33m404[0m 15.303 ms - 157[0m
[0mGET /users/sign-in [36m304[0m 9.012 ms - -[0m
[0mGET /users/css/layout.css [33m404[0m 8.940 ms - 159[0m
[0mGET /users/css/footer.css [33m404[0m 42.090 ms - 159[0m
[0mGET /users/css/signIn.css [33m404[0m 26.514 ms - 159[0m
[0mGET /users/css/header.css [33m404[0m 10.876 ms - 159[0m
[0mGET / [36m304[0m 64.675 ms - -[0m
[0mGET /css/layout.css [33m404[0m 12.189 ms - 153[0m
[0mGET /css/header.css [33m404[0m 12.639 ms - 153[0m
[0mGET /css/footer.css [33m404[0m 12.376 ms - 153[0m
[0mGET /css/home.css [33m404[0m 18.499 ms - 151[0m
[0mGET /js/home_posts.js [33m404[0m 42.943 ms - 155[0m
[0mGET /js/chat_engine.js [33m404[0m 38.102 ms - 156[0m
[0mGET /js/toggle_likes.js [33m404[0m 36.067 ms - 157[0m
[0mGET /css/chat_box.css [33m404[0m 168.491 ms - 155[0m
[0mGET /js/home_post_comments.js [33m404[0m 213.955 ms - 163[0m
[0mGET / [36m304[0m 100.487 ms - -[0m
[0mGET /js/home_posts.js [33m404[0m 7.197 ms - 155[0m
[0mGET /js/toggle_likes.js [33m404[0m 27.420 ms - 157[0m
[0mGET /js/chat_engine.js [33m404[0m 30.177 ms - 156[0m
[0mGET /js/home_post_comments.js [33m404[0m 25.461 ms - 163[0m
[0mGET / [36m304[0m 57.590 ms - -[0m
[0mGET /js/toggle_likes.js [33m404[0m 6.066 ms - 157[0m
[0mGET /js/home_post_comments.js [33m404[0m 11.492 ms - 163[0m
[0mGET /css/home.css [33m404[0m 7.075 ms - 151[0m
[0mGET /css/layout.css [33m404[0m 4.094 ms - 153[0m
[0mGET /css/header.css [33m404[0m 23.470 ms - 153[0m
[0mGET /css/footer.css [33m404[0m 23.642 ms - 153[0m
[0mGET /css/chat_box.css [33m404[0m 26.557 ms - 155[0m
[0mGET /js/chat_engine.js [33m404[0m 18.276 ms - 156[0m
[0mGET /js/home_posts.js [33m404[0m 26.597 ms - 155[0m
[0mGET /users/sign-in [36m304[0m 7.428 ms - -[0m
[0mGET /users/css/layout.css [33m404[0m 3.412 ms - 159[0m
[0mGET /users/css/footer.css [33m404[0m 4.841 ms - 159[0m
[0mGET /users/css/signIn.css [33m404[0m 2.417 ms - 159[0m
[0mGET /users/css/header.css [33m404[0m 2.573 ms - 159[0m
[0mGET /users/css/layout.css [33m404[0m 2.644 ms - 159[0m
